Build started 2/24/2016 2:20:28 AM.
     1>Project "C:\Users\Daniel_Lau\Documents\Visual Studio 2013\Projects\CSE 471\Synthie - Copy\Synthie\Synthie.vcxproj" on node 2 (Build target(s)).
     1>ClCompile:
         C:\Program Files (x86)\Microsoft Visual Studio 12.0\VC\bin\CL.exe /c /I. /ZI /nologo /W3 /WX- /Od /Oy- /D WIN32 /D _WINDOWS /D _DEBUG /D _UNICODE /D UNICODE /D _AFXDLL /Gm /EHsc /RTC1 /MDd /GS /fp:precise /Zc:wchar_t /Zc:forScope /Yu"stdafx.h" /Fp"Debug\Synthie.pch" /Fo"Debug\\" /Fd"Debug\vc120.pdb" /Gd /TP /analyze- /errorReport:prompt ToneInstrument.cpp
         ToneInstrument.cpp
       Link:
         C:\Program Files (x86)\Microsoft Visual Studio 12.0\VC\bin\link.exe /ERRORREPORT:PROMPT /OUT:"C:\Users\Daniel_Lau\Documents\Visual Studio 2013\Projects\CSE 471\Synthie - Copy\Debug\Synthie.exe" /INCREMENTAL /NOLOGO amstrmid.lib quartz.lib dsound.lib msxml2.lib /MANIFEST /MANIFESTUAC:"level='asInvoker' uiAccess='false'" /manifest:embed /manifestinput:"C:\Program Files (x86)\Microsoft Visual Studio 12.0\VC\Include\Manifest\dpiaware.manifest" /DEBUG /PDB:"C:\Users\Daniel_Lau\Documents\Visual Studio 2013\Projects\CSE 471\Synthie - Copy\Debug\Synthie.pdb" /SUBSYSTEM:WINDOWS /TLBID:1 /ENTRY:"wWinMainCRTStartup" /DYNAMICBASE /NXCOMPAT /IMPLIB:"C:\Users\Daniel_Lau\Documents\Visual Studio 2013\Projects\CSE 471\Synthie - Copy\Debug\Synthie.lib" /MACHINE:X86 /SAFESEH Debug\Synthie.res
         Debug\AudioNode.obj
         Debug\DirSound.obj
         Debug\DirSoundSource.obj
         Debug\DirSoundStream.obj
         Debug\Instrument.obj
         Debug\MainFrm.obj
         Debug\Note.obj
         Debug\Notes.obj
         Debug\Progress.obj
         Debug\ProgressDlg.obj
         Debug\SineWave.obj
         Debug\stdafx.obj
         Debug\Synthesizer.obj
         Debug\Synthie.obj
         Debug\SynthieView.obj
         Debug\Wave.obj
         Debug\WaveformBuffer.obj
         Debug\WaveformWnd.obj
         Debug\ToneInstrument.obj
         Synthie.vcxproj -> C:\Users\Daniel_Lau\Documents\Visual Studio 2013\Projects\CSE 471\Synthie - Copy\Debug\Synthie.exe
     1>Done Building Project "C:\Users\Daniel_Lau\Documents\Visual Studio 2013\Projects\CSE 471\Synthie - Copy\Synthie\Synthie.vcxproj" (Build target(s)).

Build succeeded.

Time Elapsed 00:00:01.45
